mode: set
istio.io/pilot/adapter/config/crd/types.go:78.56,80.2 1 0
istio.io/pilot/adapter/config/crd/types.go:83.60,85.2 1 0
istio.io/pilot/adapter/config/crd/types.go:88.58,90.2 1 0
istio.io/pilot/adapter/config/crd/types.go:93.66,95.2 1 0
istio.io/pilot/adapter/config/crd/types.go:105.52,107.29 2 0
istio.io/pilot/adapter/config/crd/types.go:110.2,110.12 1 0
istio.io/pilot/adapter/config/crd/types.go:107.29,109.3 1 0
istio.io/pilot/adapter/config/crd/types.go:114.53,119.2 4 0
istio.io/pilot/adapter/config/crd/types.go:122.46,123.15 1 0
istio.io/pilot/adapter/config/crd/types.go:126.2,128.12 3 0
istio.io/pilot/adapter/config/crd/types.go:123.15,125.3 1 0
istio.io/pilot/adapter/config/crd/types.go:132.55,133.34 1 0
istio.io/pilot/adapter/config/crd/types.go:137.2,137.12 1 0
istio.io/pilot/adapter/config/crd/types.go:133.34,135.3 1 0
istio.io/pilot/adapter/config/crd/types.go:141.61,145.21 4 0
istio.io/pilot/adapter/config/crd/types.go:145.21,148.22 3 0
istio.io/pilot/adapter/config/crd/types.go:148.22,150.4 1 0
istio.io/pilot/adapter/config/crd/types.go:155.54,156.15 1 0
istio.io/pilot/adapter/config/crd/types.go:159.2,161.12 3 0
istio.io/pilot/adapter/config/crd/types.go:156.15,158.3 1 0
istio.io/pilot/adapter/config/crd/types.go:165.59,166.34 1 0
istio.io/pilot/adapter/config/crd/types.go:170.2,170.12 1 0
istio.io/pilot/adapter/config/crd/types.go:166.34,168.3 1 0
istio.io/pilot/adapter/config/crd/types.go:181.55,183.2 1 0
istio.io/pilot/adapter/config/crd/types.go:186.59,188.2 1 0
istio.io/pilot/adapter/config/crd/types.go:191.57,193.2 1 0
istio.io/pilot/adapter/config/crd/types.go:196.65,198.2 1 0
istio.io/pilot/adapter/config/crd/types.go:208.51,210.29 2 0
istio.io/pilot/adapter/config/crd/types.go:213.2,213.12 1 0
istio.io/pilot/adapter/config/crd/types.go:210.29,212.3 1 0
istio.io/pilot/adapter/config/crd/types.go:217.51,222.2 4 0
istio.io/pilot/adapter/config/crd/types.go:225.44,226.15 1 0
istio.io/pilot/adapter/config/crd/types.go:229.2,231.12 3 0
istio.io/pilot/adapter/config/crd/types.go:226.15,228.3 1 0
istio.io/pilot/adapter/config/crd/types.go:235.54,236.34 1 0
istio.io/pilot/adapter/config/crd/types.go:240.2,240.12 1 0
istio.io/pilot/adapter/config/crd/types.go:236.34,238.3 1 0
istio.io/pilot/adapter/config/crd/types.go:244.59,248.21 4 0
istio.io/pilot/adapter/config/crd/types.go:248.21,251.22 3 0
istio.io/pilot/adapter/config/crd/types.go:251.22,253.4 1 0
istio.io/pilot/adapter/config/crd/types.go:258.52,259.15 1 0
istio.io/pilot/adapter/config/crd/types.go:262.2,264.12 3 0
istio.io/pilot/adapter/config/crd/types.go:259.15,261.3 1 0
istio.io/pilot/adapter/config/crd/types.go:268.58,269.34 1 0
istio.io/pilot/adapter/config/crd/types.go:273.2,273.12 1 0
istio.io/pilot/adapter/config/crd/types.go:269.34,271.3 1 0
istio.io/pilot/adapter/config/crd/types.go:284.57,286.2 1 0
istio.io/pilot/adapter/config/crd/types.go:289.61,291.2 1 0
istio.io/pilot/adapter/config/crd/types.go:294.59,296.2 1 0
istio.io/pilot/adapter/config/crd/types.go:299.67,301.2 1 0
istio.io/pilot/adapter/config/crd/types.go:311.53,313.29 2 0
istio.io/pilot/adapter/config/crd/types.go:316.2,316.12 1 0
istio.io/pilot/adapter/config/crd/types.go:313.29,315.3 1 0
istio.io/pilot/adapter/config/crd/types.go:320.55,325.2 4 0
istio.io/pilot/adapter/config/crd/types.go:328.48,329.15 1 0
istio.io/pilot/adapter/config/crd/types.go:332.2,334.12 3 0
istio.io/pilot/adapter/config/crd/types.go:329.15,331.3 1 0
istio.io/pilot/adapter/config/crd/types.go:338.56,339.34 1 0
istio.io/pilot/adapter/config/crd/types.go:343.2,343.12 1 0
istio.io/pilot/adapter/config/crd/types.go:339.34,341.3 1 0
istio.io/pilot/adapter/config/crd/types.go:347.63,351.21 4 0
istio.io/pilot/adapter/config/crd/types.go:351.21,354.22 3 0
istio.io/pilot/adapter/config/crd/types.go:354.22,356.4 1 0
istio.io/pilot/adapter/config/crd/types.go:361.56,362.15 1 0
istio.io/pilot/adapter/config/crd/types.go:365.2,367.12 3 0
istio.io/pilot/adapter/config/crd/types.go:362.15,364.3 1 0
istio.io/pilot/adapter/config/crd/types.go:371.60,372.34 1 0
istio.io/pilot/adapter/config/crd/types.go:376.2,376.12 1 0
istio.io/pilot/adapter/config/crd/types.go:372.34,374.3 1 0
istio.io/pilot/adapter/config/crd/types.go:387.56,389.2 1 0
istio.io/pilot/adapter/config/crd/types.go:392.60,394.2 1 0
istio.io/pilot/adapter/config/crd/types.go:397.58,399.2 1 0
istio.io/pilot/adapter/config/crd/types.go:402.66,404.2 1 0
istio.io/pilot/adapter/config/crd/types.go:414.52,416.29 2 0
istio.io/pilot/adapter/config/crd/types.go:419.2,419.12 1 0
istio.io/pilot/adapter/config/crd/types.go:416.29,418.3 1 0
istio.io/pilot/adapter/config/crd/types.go:423.53,428.2 4 0
istio.io/pilot/adapter/config/crd/types.go:431.46,432.15 1 0
istio.io/pilot/adapter/config/crd/types.go:435.2,437.12 3 0
istio.io/pilot/adapter/config/crd/types.go:432.15,434.3 1 0
istio.io/pilot/adapter/config/crd/types.go:441.55,442.34 1 0
istio.io/pilot/adapter/config/crd/types.go:446.2,446.12 1 0
istio.io/pilot/adapter/config/crd/types.go:442.34,444.3 1 0
istio.io/pilot/adapter/config/crd/types.go:450.61,454.21 4 0
istio.io/pilot/adapter/config/crd/types.go:454.21,457.22 3 0
istio.io/pilot/adapter/config/crd/types.go:457.22,459.4 1 0
istio.io/pilot/adapter/config/crd/types.go:464.54,465.15 1 0
istio.io/pilot/adapter/config/crd/types.go:468.2,470.12 3 0
istio.io/pilot/adapter/config/crd/types.go:465.15,467.3 1 0
istio.io/pilot/adapter/config/crd/types.go:474.59,475.34 1 0
istio.io/pilot/adapter/config/crd/types.go:479.2,479.12 1 0
istio.io/pilot/adapter/config/crd/types.go:475.34,477.3 1 0
istio.io/pilot/adapter/config/crd/types.go:490.63,492.2 1 0
istio.io/pilot/adapter/config/crd/types.go:495.67,497.2 1 0
istio.io/pilot/adapter/config/crd/types.go:500.65,502.2 1 0
istio.io/pilot/adapter/config/crd/types.go:505.73,507.2 1 0
istio.io/pilot/adapter/config/crd/types.go:517.59,519.29 2 0
istio.io/pilot/adapter/config/crd/types.go:522.2,522.12 1 0
istio.io/pilot/adapter/config/crd/types.go:519.29,521.3 1 0
istio.io/pilot/adapter/config/crd/types.go:526.67,531.2 4 0
istio.io/pilot/adapter/config/crd/types.go:534.60,535.15 1 0
istio.io/pilot/adapter/config/crd/types.go:538.2,540.12 3 0
istio.io/pilot/adapter/config/crd/types.go:535.15,537.3 1 0
istio.io/pilot/adapter/config/crd/types.go:544.62,545.34 1 0
istio.io/pilot/adapter/config/crd/types.go:549.2,549.12 1 0
istio.io/pilot/adapter/config/crd/types.go:545.34,547.3 1 0
istio.io/pilot/adapter/config/crd/types.go:553.75,557.21 4 0
istio.io/pilot/adapter/config/crd/types.go:557.21,560.22 3 0
istio.io/pilot/adapter/config/crd/types.go:560.22,562.4 1 0
istio.io/pilot/adapter/config/crd/types.go:567.68,568.15 1 0
istio.io/pilot/adapter/config/crd/types.go:571.2,573.12 3 0
istio.io/pilot/adapter/config/crd/types.go:568.15,570.3 1 0
istio.io/pilot/adapter/config/crd/types.go:577.66,578.34 1 0
istio.io/pilot/adapter/config/crd/types.go:582.2,582.12 1 0
istio.io/pilot/adapter/config/crd/types.go:578.34,580.3 1 0
istio.io/pilot/adapter/config/crd/client.go:74.75,75.22 1 1
istio.io/pilot/adapter/config/crd/client.go:81.2,81.16 1 1
istio.io/pilot/adapter/config/crd/client.go:85.2,96.38 6 1
istio.io/pilot/adapter/config/crd/client.go:103.2,106.8 3 1
istio.io/pilot/adapter/config/crd/client.go:75.22,77.3 1 0
istio.io/pilot/adapter/config/crd/client.go:77.3,79.3 1 1
istio.io/pilot/adapter/config/crd/client.go:81.16,83.3 1 0
istio.io/pilot/adapter/config/crd/client.go:96.38,97.36 1 1
istio.io/pilot/adapter/config/crd/client.go:100.4,101.14 2 1
istio.io/pilot/adapter/config/crd/client.go:97.36,99.5 1 1
istio.io/pilot/adapter/config/crd/client.go:112.104,113.33 1 1
istio.io/pilot/adapter/config/crd/client.go:119.2,120.16 2 1
istio.io/pilot/adapter/config/crd/client.go:124.2,125.16 2 1
istio.io/pilot/adapter/config/crd/client.go:129.2,130.16 2 1
istio.io/pilot/adapter/config/crd/client.go:134.2,141.17 2 1
istio.io/pilot/adapter/config/crd/client.go:113.33,114.49 1 1
istio.io/pilot/adapter/config/crd/client.go:114.49,116.4 1 0
istio.io/pilot/adapter/config/crd/client.go:120.16,122.3 1 0
istio.io/pilot/adapter/config/crd/client.go:125.16,127.3 1 0
istio.io/pilot/adapter/config/crd/client.go:130.16,132.3 1 0
istio.io/pilot/adapter/config/crd/client.go:145.45,147.16 2 1
istio.io/pilot/adapter/config/crd/client.go:151.2,151.39 1 1
istio.io/pilot/adapter/config/crd/client.go:175.2,175.82 1 0
istio.io/pilot/adapter/config/crd/client.go:202.2,202.20 1 0
istio.io/pilot/adapter/config/crd/client.go:210.2,210.12 1 0
istio.io/pilot/adapter/config/crd/client.go:147.16,149.3 1 0
istio.io/pilot/adapter/config/crd/client.go:151.39,169.52 5 1
istio.io/pilot/adapter/config/crd/client.go:169.52,171.4 1 1
istio.io/pilot/adapter/config/crd/client.go:175.82,177.40 1 0
istio.io/pilot/adapter/config/crd/client.go:199.3,199.19 1 0
istio.io/pilot/adapter/config/crd/client.go:177.40,180.21 3 0
istio.io/pilot/adapter/config/crd/client.go:183.4,183.47 1 0
istio.io/pilot/adapter/config/crd/client.go:196.4,197.21 2 0
istio.io/pilot/adapter/config/crd/client.go:180.21,182.5 1 0
istio.io/pilot/adapter/config/crd/client.go:183.47,184.22 1 0
istio.io/pilot/adapter/config/crd/client.go:185.43,186.59 1 0
istio.io/pilot/adapter/config/crd/client.go:190.45,191.60 1 0
istio.io/pilot/adapter/config/crd/client.go:186.59,188.26 2 0
istio.io/pilot/adapter/config/crd/client.go:191.60,193.7 1 0
istio.io/pilot/adapter/config/crd/client.go:202.20,204.23 2 0
istio.io/pilot/adapter/config/crd/client.go:207.3,207.13 1 0
istio.io/pilot/adapter/config/crd/client.go:204.23,206.4 1 0
istio.io/pilot/adapter/config/crd/client.go:214.47,216.16 2 0
istio.io/pilot/adapter/config/crd/client.go:220.2,221.39 2 0
istio.io/pilot/adapter/config/crd/client.go:226.2,226.13 1 0
istio.io/pilot/adapter/config/crd/client.go:216.16,218.3 1 0
istio.io/pilot/adapter/config/crd/client.go:221.39,225.3 3 0
istio.io/pilot/adapter/config/crd/client.go:230.61,232.2 1 0
istio.io/pilot/adapter/config/crd/client.go:235.74,237.13 2 0
istio.io/pilot/adapter/config/crd/client.go:241.2,248.16 3 0
istio.io/pilot/adapter/config/crd/client.go:253.2,254.16 2 0
istio.io/pilot/adapter/config/crd/client.go:258.2,258.18 1 0
istio.io/pilot/adapter/config/crd/client.go:237.13,239.3 1 0
istio.io/pilot/adapter/config/crd/client.go:248.16,251.3 2 0
istio.io/pilot/adapter/config/crd/client.go:254.16,257.3 2 0
istio.io/pilot/adapter/config/crd/client.go:262.63,264.13 2 0
istio.io/pilot/adapter/config/crd/client.go:268.2,268.53 1 0
istio.io/pilot/adapter/config/crd/client.go:272.2,273.16 2 0
istio.io/pilot/adapter/config/crd/client.go:277.2,283.16 3 0
istio.io/pilot/adapter/config/crd/client.go:287.2,287.49 1 0
istio.io/pilot/adapter/config/crd/client.go:264.13,266.3 1 0
istio.io/pilot/adapter/config/crd/client.go:268.53,270.3 1 0
istio.io/pilot/adapter/config/crd/client.go:273.16,275.3 1 0
istio.io/pilot/adapter/config/crd/client.go:283.16,285.3 1 0
istio.io/pilot/adapter/config/crd/client.go:291.63,293.13 2 0
istio.io/pilot/adapter/config/crd/client.go:297.2,297.53 1 0
istio.io/pilot/adapter/config/crd/client.go:301.2,301.34 1 0
istio.io/pilot/adapter/config/crd/client.go:305.2,306.16 2 0
istio.io/pilot/adapter/config/crd/client.go:310.2,317.16 3 0
istio.io/pilot/adapter/config/crd/client.go:321.2,321.49 1 0
istio.io/pilot/adapter/config/crd/client.go:293.13,295.3 1 0
istio.io/pilot/adapter/config/crd/client.go:297.53,299.3 1 0
istio.io/pilot/adapter/config/crd/client.go:301.34,303.3 1 0
istio.io/pilot/adapter/config/crd/client.go:306.16,308.3 1 0
istio.io/pilot/adapter/config/crd/client.go:317.16,319.3 1 0
istio.io/pilot/adapter/config/crd/client.go:325.61,327.13 2 0
istio.io/pilot/adapter/config/crd/client.go:331.2,335.15 1 0
istio.io/pilot/adapter/config/crd/client.go:327.13,329.3 1 0
istio.io/pilot/adapter/config/crd/client.go:339.71,341.13 2 0
istio.io/pilot/adapter/config/crd/client.go:345.2,352.39 4 0
istio.io/pilot/adapter/config/crd/client.go:360.2,360.18 1 0
istio.io/pilot/adapter/config/crd/client.go:341.13,343.3 1 0
istio.io/pilot/adapter/config/crd/client.go:352.39,354.17 2 0
istio.io/pilot/adapter/config/crd/client.go:354.17,356.4 1 0
istio.io/pilot/adapter/config/crd/client.go:356.4,358.4 1 0
istio.io/pilot/adapter/config/crd/config.go:30.55,32.2 1 0
istio.io/pilot/adapter/config/crd/config.go:35.59,37.2 1 0
istio.io/pilot/adapter/config/crd/config.go:40.57,42.2 1 0
istio.io/pilot/adapter/config/crd/config.go:45.65,47.2 1 0
istio.io/pilot/adapter/config/crd/config.go:57.51,59.29 2 0
istio.io/pilot/adapter/config/crd/config.go:62.2,62.12 1 0
istio.io/pilot/adapter/config/crd/config.go:59.29,61.3 1 0
istio.io/pilot/adapter/config/crd/config.go:66.51,71.2 4 0
istio.io/pilot/adapter/config/crd/config.go:74.44,75.15 1 0
istio.io/pilot/adapter/config/crd/config.go:78.2,80.12 3 0
istio.io/pilot/adapter/config/crd/config.go:75.15,77.3 1 0
istio.io/pilot/adapter/config/crd/config.go:84.54,85.34 1 0
istio.io/pilot/adapter/config/crd/config.go:89.2,89.12 1 0
istio.io/pilot/adapter/config/crd/config.go:85.34,87.3 1 0
istio.io/pilot/adapter/config/crd/config.go:93.59,97.21 4 0
istio.io/pilot/adapter/config/crd/config.go:97.21,100.22 3 0
istio.io/pilot/adapter/config/crd/config.go:100.22,102.4 1 0
istio.io/pilot/adapter/config/crd/config.go:107.52,108.15 1 0
istio.io/pilot/adapter/config/crd/config.go:111.2,113.12 3 0
istio.io/pilot/adapter/config/crd/config.go:108.15,110.3 1 0
istio.io/pilot/adapter/config/crd/config.go:117.58,118.34 1 0
istio.io/pilot/adapter/config/crd/config.go:122.2,122.12 1 0
istio.io/pilot/adapter/config/crd/config.go:118.34,120.3 1 0
istio.io/pilot/adapter/config/crd/controller.go:49.91,62.51 3 0
istio.io/pilot/adapter/config/crd/controller.go:66.2,66.12 1 0
istio.io/pilot/adapter/config/crd/controller.go:62.51,64.3 1 0
istio.io/pilot/adapter/config/crd/controller.go:69.106,71.69 1 0
istio.io/pilot/adapter/config/crd/controller.go:71.69,80.4 3 0
istio.io/pilot/adapter/config/crd/controller.go:81.59,88.4 1 0
istio.io/pilot/adapter/config/crd/controller.go:93.71,94.20 1 0
istio.io/pilot/adapter/config/crd/controller.go:97.2,98.16 2 0
istio.io/pilot/adapter/config/crd/controller.go:101.2,101.12 1 0
istio.io/pilot/adapter/config/crd/controller.go:94.20,96.3 1 0
istio.io/pilot/adapter/config/crd/controller.go:98.16,100.3 1 0
istio.io/pilot/adapter/config/crd/controller.go:108.35,120.35 4 0
istio.io/pilot/adapter/config/crd/controller.go:133.2,133.59 1 0
istio.io/pilot/adapter/config/crd/controller.go:120.35,122.5 1 0
istio.io/pilot/adapter/config/crd/controller.go:123.43,124.37 1 0
istio.io/pilot/adapter/config/crd/controller.go:124.37,126.6 1 0
istio.io/pilot/adapter/config/crd/controller.go:128.38,130.5 1 0
istio.io/pilot/adapter/config/crd/controller.go:136.90,138.13 2 0
istio.io/pilot/adapter/config/crd/controller.go:141.2,141.77 1 0
istio.io/pilot/adapter/config/crd/controller.go:138.13,140.3 1 0
istio.io/pilot/adapter/config/crd/controller.go:141.77,143.9 2 0
istio.io/pilot/adapter/config/crd/controller.go:151.3,151.13 1 0
istio.io/pilot/adapter/config/crd/controller.go:143.9,145.18 2 0
istio.io/pilot/adapter/config/crd/controller.go:145.18,147.5 1 0
istio.io/pilot/adapter/config/crd/controller.go:147.5,149.5 1 0
istio.io/pilot/adapter/config/crd/controller.go:155.39,156.33 1 0
istio.io/pilot/adapter/config/crd/controller.go:162.2,162.13 1 0
istio.io/pilot/adapter/config/crd/controller.go:156.33,157.32 1 0
istio.io/pilot/adapter/config/crd/controller.go:157.32,160.4 2 0
istio.io/pilot/adapter/config/crd/controller.go:165.48,168.30 2 0
istio.io/pilot/adapter/config/crd/controller.go:172.2,173.41 2 0
istio.io/pilot/adapter/config/crd/controller.go:168.30,170.3 1 0
istio.io/pilot/adapter/config/crd/controller.go:176.64,178.2 1 0
istio.io/pilot/adapter/config/crd/controller.go:180.77,182.13 2 0
istio.io/pilot/adapter/config/crd/controller.go:186.2,188.13 3 0
istio.io/pilot/adapter/config/crd/controller.go:191.2,191.16 1 0
istio.io/pilot/adapter/config/crd/controller.go:196.2,197.9 2 0
istio.io/pilot/adapter/config/crd/controller.go:202.2,203.16 2 0
istio.io/pilot/adapter/config/crd/controller.go:207.2,207.21 1 0
istio.io/pilot/adapter/config/crd/controller.go:182.13,184.3 1 0
istio.io/pilot/adapter/config/crd/controller.go:188.13,190.3 1 0
istio.io/pilot/adapter/config/crd/controller.go:191.16,194.3 2 0
istio.io/pilot/adapter/config/crd/controller.go:197.9,200.3 2 0
istio.io/pilot/adapter/config/crd/controller.go:203.16,205.3 1 0
istio.io/pilot/adapter/config/crd/controller.go:210.66,212.2 1 0
istio.io/pilot/adapter/config/crd/controller.go:214.66,216.2 1 0
istio.io/pilot/adapter/config/crd/controller.go:218.64,220.2 1 0
istio.io/pilot/adapter/config/crd/controller.go:222.74,224.9 2 0
istio.io/pilot/adapter/config/crd/controller.go:228.2,230.63 3 0
istio.io/pilot/adapter/config/crd/controller.go:247.2,247.18 1 0
istio.io/pilot/adapter/config/crd/controller.go:224.9,226.3 1 0
istio.io/pilot/adapter/config/crd/controller.go:230.63,232.10 2 0
istio.io/pilot/adapter/config/crd/controller.go:236.3,236.69 1 0
istio.io/pilot/adapter/config/crd/controller.go:240.3,241.17 2 0
istio.io/pilot/adapter/config/crd/controller.go:232.10,233.12 1 0
istio.io/pilot/adapter/config/crd/controller.go:236.69,237.12 1 0
istio.io/pilot/adapter/config/crd/controller.go:241.17,243.4 1 0
istio.io/pilot/adapter/config/crd/controller.go:243.4,245.4 1 0
istio.io/pilot/adapter/config/crd/conversion.go:26.104,28.16 2 0
istio.io/pilot/adapter/config/crd/conversion.go:31.2,43.8 2 0
istio.io/pilot/adapter/config/crd/conversion.go:28.16,30.3 1 0
istio.io/pilot/adapter/config/crd/conversion.go:47.88,49.16 2 0
istio.io/pilot/adapter/config/crd/conversion.go:52.2,62.17 4 0
istio.io/pilot/adapter/config/crd/conversion.go:49.16,51.3 1 0
istio.io/pilot/adapter/config/crd/conversion.go:67.36,69.2 1 1
istio.io/pilot/adapter/config/crd/conversion.go:72.44,75.29 3 1
istio.io/pilot/adapter/config/crd/conversion.go:78.2,78.12 1 1
istio.io/pilot/adapter/config/crd/conversion.go:75.29,77.3 1 1
istio.io/pilot/adapter/config/crd/conversion.go:83.44,85.19 2 1
istio.io/pilot/adapter/config/crd/conversion.go:95.2,95.21 1 1
istio.io/pilot/adapter/config/crd/conversion.go:85.19,86.33 1 1
istio.io/pilot/adapter/config/crd/conversion.go:86.33,87.13 1 1
istio.io/pilot/adapter/config/crd/conversion.go:90.4,90.35 1 1
istio.io/pilot/adapter/config/crd/conversion.go:87.13,89.5 1 1
istio.io/pilot/adapter/config/crd/conversion.go:91.4,93.4 1 1
